Using pre-set license
Built from '2022.3/staging' branch; Version is '2022.3.28f1 (6bae5ce6b222) revision 7056988'; Using compiler version '192829333'; Build Type 'Release'
OS: 'Windows 11  (10.0.22631) 64bit Core' Language: 'en' Physical Memory: 32509 MB
BatchMode: 1, IsHumanControllingUs: 0, StartBugReporterOnCrash: 0, Is64bit: 1, IsPro: 1

COMMAND LINE ARGUMENTS:
C:\Program Files\Unity\Hub\Editor\2022.3.28f1\Editor\Unity.exe
-adb2
-batchMode
-noUpm
-name
AssetImportWorker4
-projectPath
C:/_Kodey/Unity/_TEST/VisualScripting-CliveCrypt/CliveCrypt/CliveCrypt
-logFile
Logs/AssetImportWorker4.log
-srvPort
58367
Successfully changed project path to: C:/_Kodey/Unity/_TEST/VisualScripting-CliveCrypt/CliveCrypt/CliveCrypt
C:/_Kodey/Unity/_TEST/VisualScripting-CliveCrypt/CliveCrypt/CliveCrypt
[UnityMemory] Configuration Parameters - Can be set up in boot.config
    "memorysetup-bucket-allocator-granularity=16"
    "memorysetup-bucket-allocator-bucket-count=8"
    "memorysetup-bucket-allocator-block-size=33554432"
    "memorysetup-bucket-allocator-block-count=8"
    "memorysetup-main-allocator-block-size=16777216"
    "memorysetup-thread-allocator-block-size=16777216"
    "memorysetup-gfx-main-allocator-block-size=16777216"
    "memorysetup-gfx-thread-allocator-block-size=16777216"
    "memorysetup-cache-allocator-block-size=4194304"
    "memorysetup-typetree-allocator-block-size=2097152"
    "memorysetup-profiler-bucket-allocator-granularity=16"
    "memorysetup-profiler-bucket-allocator-bucket-count=8"
    "memorysetup-profiler-bucket-allocator-block-size=33554432"
    "memorysetup-profiler-bucket-allocator-block-count=8"
    "memorysetup-profiler-allocator-block-size=16777216"
    "memorysetup-profiler-editor-allocator-block-size=1048576"
    "memorysetup-temp-allocator-size-main=16777216"
    "memorysetup-job-temp-allocator-block-size=2097152"
    "memorysetup-job-temp-allocator-block-size-background=1048576"
    "memorysetup-job-temp-allocator-reduction-small-platforms=262144"
    "memorysetup-allocator-temp-initial-block-size-main=262144"
    "memorysetup-allocator-temp-initial-block-size-worker=262144"
    "memorysetup-temp-allocator-size-background-worker=32768"
    "memorysetup-temp-allocator-size-job-worker=262144"
    "memorysetup-temp-allocator-size-preload-manager=33554432"
    "memorysetup-temp-allocator-size-nav-mesh-worker=65536"
    "memorysetup-temp-allocator-size-audio-worker=65536"
    "memorysetup-temp-allocator-size-cloud-worker=32768"
    "memorysetup-temp-allocator-size-gi-baking-worker=262144"
    "memorysetup-temp-allocator-size-gfx=262144"
Player connection [178224] Host "[IP] 192.168.3.36 [Port] 0 [Flags] 2 [Guid] 3470659345 [EditorId] 3470659345 [Version] 1048832 [Id] WindowsEditor(7,This-PC) [Debug] 1 [PackageName] WindowsEditor [ProjectName] Editor" joined multi-casting on [225.0.0.222:54997]...

Player connection [178224] Host "[IP] 192.168.3.36 [Port] 0 [Flags] 2 [Guid] 3470659345 [EditorId] 3470659345 [Version] 1048832 [Id] WindowsEditor(7,This-PC) [Debug] 1 [PackageName] WindowsEditor [ProjectName] Editor" joined alternative multi-casting on [225.0.0.222:34997]...

[Physics::Module] Initialized MultithreadedJobDispatcher with 23 workers.
Refreshing native plugins compatible for Editor in 9.09 ms, found 3 plugins.
Preloading 0 native plugins for Editor in 0.00 ms.
Initialize engine version: 2022.3.28f1 (6bae5ce6b222)
[Subsystems] Discovering subsystems at path C:/Program Files/Unity/Hub/Editor/2022.3.28f1/Editor/Data/Resources/UnitySubsystems
[Subsystems] Discovering subsystems at path C:/_Kodey/Unity/_TEST/VisualScripting-CliveCrypt/CliveCrypt/CliveCrypt/Assets
GfxDevice: creating device client; threaded=0; jobified=0
Direct3D:
    Version:  Direct3D 11.0 [level 11.1]
    Renderer: NVIDIA GeForce RTX 3060 (ID=0x2504)
    Vendor:   NVIDIA
    VRAM:     12115 MB
    Driver:   31.0.15.5186
Initialize mono
Mono path[0] = 'C:/Program Files/Unity/Hub/Editor/2022.3.28f1/Editor/Data/Managed'
Mono path[1] = 'C:/Program Files/Unity/Hub/Editor/2022.3.28f1/Editor/Data/MonoBleedingEdge/lib/mono/unityjit-win32'
Mono config path = 'C:/Program Files/Unity/Hub/Editor/2022.3.28f1/Editor/Data/MonoBleedingEdge/etc'
Using monoOptions --debugger-agent=transport=dt_socket,embedding=1,server=y,suspend=n,address=127.0.0.1:56644
Begin MonoManager ReloadAssembly
Registering precompiled unity dll's ...
Register platform support module: C:/Program Files/Unity/Hub/Editor/2022.3.28f1/Editor/Data/PlaybackEngines/AndroidPlayer/UnityEditor.Android.Extensions.dll
Register platform support module: C:/Program Files/Unity/Hub/Editor/2022.3.28f1/Editor/Data/PlaybackEngines/WindowsStandaloneSupport/UnityEditor.WindowsStandalone.Extensions.dll
Registered in 0.003743 seconds.
- Loaded All Assemblies, in  0.308 seconds
Native extension for WindowsStandalone target not found
Native extension for Android target not found
Android Extension - Scanning For ADB Devices 259 ms
Mono: successfully reloaded assembly
- Finished resetting the current domain, in  0.504 seconds
Domain Reload Profiling: 810ms
	BeginReloadAssembly (91ms)
		ExecutionOrderSort (0ms)
		DisableScriptedObjects (0ms)
		BackupInstance (0ms)
		ReleaseScriptingObjects (0ms)
		CreateAndSetChildDomain (0ms)
	RebuildCommonClasses (31ms)
	RebuildNativeTypeToScriptingClass (8ms)
	initialDomainReloadingComplete (45ms)
	LoadAllAssembliesAndSetupDomain (130ms)
		LoadAssemblies (91ms)
		RebuildTransferFunctionScriptingTraits (0ms)
		AnalyzeDomain (128ms)
			TypeCache.Refresh (126ms)
				TypeCache.ScanAssembly (117ms)
			ScanForSourceGeneratedMonoScriptInfo (0ms)
			ResolveRequiredComponents (1ms)
	FinalizeReload (504ms)
		ReleaseScriptCaches (0ms)
		RebuildScriptCaches (0ms)
		SetupLoadedEditorAssemblies (460ms)
			LogAssemblyErrors (0ms)
			InitializePlatformSupportModulesInManaged (338ms)
			SetLoadedEditorAssemblies (2ms)
			RefreshPlugins (0ms)
			BeforeProcessingInitializeOnLoad (1ms)
			ProcessInitializeOnLoadAttributes (84ms)
			ProcessInitializeOnLoadMethodAttributes (34ms)
			AfterProcessingInitializeOnLoad (0ms)
			EditorAssembliesLoaded (0ms)
		ExecutionOrderSort2 (0ms)
		AwakeInstancesAfterBackupRestoration (0ms)
========================================================================
Worker process is ready to serve import requests
Begin MonoManager ReloadAssembly
- Loaded All Assemblies, in  0.541 seconds
Refreshing native plugins compatible for Editor in 2.89 ms, found 3 plugins.
Native extension for WindowsStandalone target not found
Native extension for Android target not found
System.Exception: Error! Visual Scripting: couldn't find visual scripting package
  at Unity.VisualScripting.PackageVersionUtility.get_version () [0x00043] in .\Library\PackageCache\com.unity.visualscripting@1.9.4\Editor\VisualScripting.Core\Utilities\PackageVersionUtility.cs:31 
  at Unity.VisualScripting.BoltCoreManifest.get_version () [0x00000] in .\Library\PackageCache\com.unity.visualscripting@1.9.4\Editor\VisualScripting.Core\Plugin\BoltCoreManifest.cs:11 
  at Unity.VisualScripting.PluginManifest.get_currentVersion () [0x00000] in .\Library\PackageCache\com.unity.visualscripting@1.9.4\Editor\VisualScripting.Core\Plugins\PluginManifest.cs:33 
  at Unity.VisualScripting.PluginManifest.get_versionMismatch () [0x00000] in .\Library\PackageCache\com.unity.visualscripting@1.9.4\Editor\VisualScripting.Core\Plugins\PluginManifest.cs:48 
  at Unity.VisualScripting.PluginContainer.Initialize () [0x00525] in .\Library\PackageCache\com.unity.visualscripting@1.9.4\Editor\VisualScripting.Core\Plugins\PluginContainer.cs:208 
  at Unity.VisualScripting.PluginContainer.InitializeOnLoad () [0x00009] in .\Library\PackageCache\com.unity.visualscripting@1.9.4\Editor\VisualScripting.Core\Plugins\PluginContainer.cs:32 
  at Unity.VisualScripting.VSUsageUtility.DoInitializeOnLoadCalls () [0x00034] in .\Library\PackageCache\com.unity.visualscripting@1.9.4\Editor\VisualScripting.Core\Utilities\VSUsageUtility.cs:76 
  at Unity.VisualScripting.VSUsageUtility.set_isVisualScriptingUsed (System.Boolean value) [0x0002c] in .\Library\PackageCache\com.unity.visualscripting@1.9.4\Editor\VisualScripting.Core\Utilities\VSUsageUtility.cs:114 
  at Unity.VisualScripting.VSUsageUtility.CheckAndSetIsVisualScriptingUsed () [0x00032] in .\Library\PackageCache\com.unity.visualscripting@1.9.4\Editor\VisualScripting.Core\Utilities\VSUsageUtility.cs:48 
  at Unity.VisualScripting.VSUsageUtility..cctor () [0x00000] in .\Library\PackageCache\com.unity.visualscripting@1.9.4\Editor\VisualScripting.Core\Utilities\VSUsageUtility.cs:22 
UnityEngine.StackTraceUtility:ExtractStackTrace ()
UnityEngine.DebugLogHandler:LogFormat (UnityEngine.LogType,UnityEngine.Object,string,object[])
UnityEngine.Logger:Log (UnityEngine.LogType,object)
UnityEngine.Debug:LogError (object)
UnityEditor.EditorAssemblies:ProcessInitializeOnLoadAttributes (System.Type[])

Package Manager log level set to [2]
[Package Manager] Server::EnsureServerProcessIsRunning -- launch failed, reason: Unity was launched with the -noUpm command-line argument
[Package Manager] UpmClient::Send -- Unable to send message (not connected to UPM process).
[Package Manager] Cannot connect to Unity Package Manager local server
Mono: successfully reloaded assembly
- Finished resetting the current domain, in  0.819 seconds
Domain Reload Profiling: 1358ms
	BeginReloadAssembly (96ms)
		ExecutionOrderSort (0ms)
		DisableScriptedObjects (3ms)
		BackupInstance (0ms)
		ReleaseScriptingObjects (0ms)
		CreateAndSetChildDomain (14ms)
	RebuildCommonClasses (24ms)
	RebuildNativeTypeToScriptingClass (7ms)
	initialDomainReloadingComplete (26ms)
	LoadAllAssembliesAndSetupDomain (385ms)
		LoadAssemblies (238ms)
		RebuildTransferFunctionScriptingTraits (0ms)
		AnalyzeDomain (201ms)
			TypeCache.Refresh (173ms)
				TypeCache.ScanAssembly (157ms)
			ScanForSourceGeneratedMonoScriptInfo (18ms)
			ResolveRequiredComponents (7ms)
	FinalizeReload (819ms)
		ReleaseScriptCaches (0ms)
		RebuildScriptCaches (0ms)
		SetupLoadedEditorAssemblies (684ms)
			LogAssemblyErrors (0ms)
			InitializePlatformSupportModulesInManaged (19ms)
			SetLoadedEditorAssemblies (3ms)
			RefreshPlugins (0ms)
			BeforeProcessingInitializeOnLoad (56ms)
			ProcessInitializeOnLoadAttributes (549ms)
			ProcessInitializeOnLoadMethodAttributes (52ms)
			AfterProcessingInitializeOnLoad (4ms)
			EditorAssembliesLoaded (0ms)
		ExecutionOrderSort2 (0ms)
		AwakeInstancesAfterBackupRestoration (4ms)
Launched and connected shader compiler UnityShaderCompiler.exe after 0.04 seconds
Refreshing native plugins compatible for Editor in 3.40 ms, found 3 plugins.
Preloading 0 native plugins for Editor in 0.00 ms.
Unloading 5638 Unused Serialized files (Serialized files now loaded: 0)
Unloading 68 unused Assets / (1.1 MB). Loaded Objects now: 6102.
Memory consumption went from 229.6 MB to 228.6 MB.
Total: 13.588800 ms (FindLiveObjects: 0.404200 ms CreateObjectMapping: 0.161300 ms MarkObjects: 12.617300 ms  DeleteObjects: 0.405100 ms)

AssetImportParameters requested are different than current active one (requested -> active):
  custom:container-demuxer-ogg: 62fdf1f143b41e24485cea50d1cbac27 -> 
  custom:video-codec-MediaFoundation-h265: 746d11721c4dcdbdad8f713fa42b33f4 -> 
  custom:video-decoder-ogg-theora: a1e56fd34408186e4bbccfd4996cb3dc -> 
  custom:framework-win-MediaFoundation: 216162199b28c13a410421893ffa2e32 -> 
  custom:CustomObjectIndexerAttribute: 72b91833f83ae208fae7752999fa3104 -> 
  custom:container-demuxer-webm: 4f35f7cbe854078d1ac9338744f61a02 -> 
  custom:container-muxer-webm: aa71ff27fc2769a1b78a27578f13a17b -> 
  custom:video-decoder-webm-vp8: 9c59270c3fd7afecdb556c50c9e8de78 -> 
  custom:SearchIndexIgnoredProperties: e643bd26f0fe6173181afceb89e7c659 -> 
  custom:AudioImporter_EditorPlatform: d09bf68614088b80899f8185d706f6e7 -> 
  custom:video-encoder-webm-vp8: eb34c28f22e8b96e1ab97ce403110664 -> 
  custom:audio-decoder-ogg-vorbis: bf7c407c2cedff20999df2af8eb42d56 -> 
  custom:audio-encoder-webm-vorbis: bf7c407c2cedff20999df2af8eb42d56 -> 
========================================================================
Received Import Request.
  Time since last request: 1903936.747930 seconds.
  path: Assets/VisualScriptingTutorial/CompleteGame/Resources/EntryPoint.prefab
  artifactKey: Guid(bb9c33579a9164044be448034a9b95d2) Importer(815301076,1909f56bfc062723c751e8b465ee728b)
Start importing Assets/VisualScriptingTutorial/CompleteGame/Resources/EntryPoint.prefab using Guid(bb9c33579a9164044be448034a9b95d2) Importer(815301076,1909f56bfc062723c751e8b465ee728b)  -> (artifact id: 'c0cd56a6a80081a16c3c7b870b5ffed7') in 0.048942 seconds
Number of updated asset objects reloaded before import = 0
Number of asset objects unloaded after import = 189
========================================================================
Received Import Request.
  Time since last request: 52.311475 seconds.
  path: Assets/VisualScriptingTutorial/CompleteGame/Animations/Cat/Cat@Move.fbx
  artifactKey: Guid(eba2ccfde3b20914bb15af465b24fd22) Importer(815301076,1909f56bfc062723c751e8b465ee728b)
Start importing Assets/VisualScriptingTutorial/CompleteGame/Animations/Cat/Cat@Move.fbx using Guid(eba2ccfde3b20914bb15af465b24fd22) Importer(815301076,1909f56bfc062723c751e8b465ee728b)  -> (artifact id: '54466137a03dbc35a1bc7a8397bc6ee4') in 0.288344 seconds
Number of updated asset objects reloaded before import = 0
Number of asset objects unloaded after import = 108
========================================================================
Received Import Request.
  Time since last request: 4.170000 seconds.
  path: Assets/VisualScriptingTutorial/CompleteGame/Scripts/MovingObject.cs
  artifactKey: Guid(0a82c0e03dd05b940af99379ee72218f) Importer(815301076,1909f56bfc062723c751e8b465ee728b)
Start importing Assets/VisualScriptingTutorial/CompleteGame/Scripts/MovingObject.cs using Guid(0a82c0e03dd05b940af99379ee72218f) Importer(815301076,1909f56bfc062723c751e8b465ee728b)  -> (artifact id: 'ae65f7380ed54c9ea102b1735ea49207') in 0.000642 seconds
Number of updated asset objects reloaded before import = 0
Number of asset objects unloaded after import = 0
========================================================================
Received Import Request.
  Time since last request: 17.408787 seconds.
  path: Assets/VisualScriptingTutorial/Tutorial/VisualScripts/FirstDoorScript.asset
  artifactKey: Guid(80c12f84d2d63304c8a3449dd474c94a) Importer(815301076,1909f56bfc062723c751e8b465ee728b)
Start importing Assets/VisualScriptingTutorial/Tutorial/VisualScripts/FirstDoorScript.asset using Guid(80c12f84d2d63304c8a3449dd474c94a) Importer(815301076,1909f56bfc062723c751e8b465ee728b)  -> (artifact id: '697c14b8e27db955fca6ce16193b541c') in 0.302976 seconds
Number of updated asset objects reloaded before import = 0
Number of asset objects unloaded after import = 2
========================================================================
Received Import Request.
  Time since last request: 35.361016 seconds.
  path: Assets/VisualScriptingTutorial/Tutorial/VisualScripts/KeyScript.asset
  artifactKey: Guid(3bf825757d4439645ab62be6840e34b6) Importer(815301076,1909f56bfc062723c751e8b465ee728b)
Start importing Assets/VisualScriptingTutorial/Tutorial/VisualScripts/KeyScript.asset using Guid(3bf825757d4439645ab62be6840e34b6) Importer(815301076,1909f56bfc062723c751e8b465ee728b)  -> (artifact id: '236474ecf0c27fc653f4899b6f1dc6eb') in 0.003539 seconds
Number of updated asset objects reloaded before import = 0
Number of asset objects unloaded after import = 1
========================================================================
Received Import Request.
  Time since last request: 484.112129 seconds.
  path: Assets/VisualScriptingTutorial/Tutorial/VisualScripts/TrapDoorScript.asset
  artifactKey: Guid(1499084596b3acc41a7939a5b77bc0e9) Importer(815301076,1909f56bfc062723c751e8b465ee728b)
Start importing Assets/VisualScriptingTutorial/Tutorial/VisualScripts/TrapDoorScript.asset using Guid(1499084596b3acc41a7939a5b77bc0e9) Importer(815301076,1909f56bfc062723c751e8b465ee728b)  -> (artifact id: 'a3fb7afc113000f063a3064fe818104f') in 0.427088 seconds
Number of updated asset objects reloaded before import = 0
Number of asset objects unloaded after import = 2
========================================================================
Received Import Request.
  Time since last request: 22.222375 seconds.
  path: Assets/VisualScriptingTutorial/Tutorial/VisualScripts/Samples/Key_FirstDoorScript.asset
  artifactKey: Guid(a4fd97b278f5ef94599961b38af78a13) Importer(815301076,1909f56bfc062723c751e8b465ee728b)
Start importing Assets/VisualScriptingTutorial/Tutorial/VisualScripts/Samples/Key_FirstDoorScript.asset using Guid(a4fd97b278f5ef94599961b38af78a13) Importer(815301076,1909f56bfc062723c751e8b465ee728b)  -> (artifact id: '2baa89f16ccc8285797acea6d4d727f5') in 0.008129 seconds
Number of updated asset objects reloaded before import = 0
Number of asset objects unloaded after import = 2
========================================================================
Received Prepare
Begin MonoManager ReloadAssembly
- Loaded All Assemblies, in  0.317 seconds
Refreshing native plugins compatible for Editor in 1.88 ms, found 3 plugins.
Native extension for WindowsStandalone target not found
Native extension for Android target not found
Could not load the file 'NiceIO'.
UnityEngine.StackTraceUtility:ExtractStackTrace ()
UnityEngine.DebugLogHandler:LogFormat (UnityEngine.LogType,UnityEngine.Object,string,object[])
UnityEngine.Logger:Log (UnityEngine.LogType,object)
UnityEngine.Debug:LogWarning (object)
Unity.VisualScripting.Codebase:IsEditorAssembly (System.Reflection.Assembly,System.Collections.Generic.HashSet`1<string>) (at ./Library/PackageCache/com.unity.visualscripting@1.9.4/Editor/VisualScripting.Core/Reflection/Codebase.cs:383)
Unity.VisualScripting.Codebase:IsRuntimeAssembly (System.Reflection.Assembly) (at ./Library/PackageCache/com.unity.visualscripting@1.9.4/Editor/VisualScripting.Core/Reflection/Codebase.cs:404)
Unity.VisualScripting.Codebase:.cctor () (at ./Library/PackageCache/com.unity.visualscripting@1.9.4/Editor/VisualScripting.Core/Reflection/Codebase.cs:46)
Unity.VisualScripting.PluginContainer:Initialize () (at ./Library/PackageCache/com.unity.visualscripting@1.9.4/Editor/VisualScripting.Core/Plugins/PluginContainer.cs:86)
Unity.VisualScripting.PluginContainer:InitializeOnLoad () (at ./Library/PackageCache/com.unity.visualscripting@1.9.4/Editor/VisualScripting.Core/Plugins/PluginContainer.cs:32)
Unity.VisualScripting.VSUsageUtility:DoInitializeOnLoadCalls () (at ./Library/PackageCache/com.unity.visualscripting@1.9.4/Editor/VisualScripting.Core/Utilities/VSUsageUtility.cs:76)
Unity.VisualScripting.VSUsageUtility:set_isVisualScriptingUsed (bool) (at ./Library/PackageCache/com.unity.visualscripting@1.9.4/Editor/VisualScripting.Core/Utilities/VSUsageUtility.cs:114)
Unity.VisualScripting.VSUsageUtility:CheckAndSetIsVisualScriptingUsed () (at ./Library/PackageCache/com.unity.visualscripting@1.9.4/Editor/VisualScripting.Core/Utilities/VSUsageUtility.cs:33)
Unity.VisualScripting.VSUsageUtility:.cctor () (at ./Library/PackageCache/com.unity.visualscripting@1.9.4/Editor/VisualScripting.Core/Utilities/VSUsageUtility.cs:22)
System.Runtime.CompilerServices.RuntimeHelpers:RunClassConstructor (System.RuntimeTypeHandle)
UnityEditor.EditorAssemblies:ProcessInitializeOnLoadAttributes (System.Type[])

(Filename: ./Library/PackageCache/com.unity.visualscripting@1.9.4/Editor/VisualScripting.Core/Reflection/Codebase.cs Line: 383)

System.Exception: Error! Visual Scripting: couldn't find visual scripting package
  at Unity.VisualScripting.PackageVersionUtility.get_version () [0x00043] in .\Library\PackageCache\com.unity.visualscripting@1.9.4\Editor\VisualScripting.Core\Utilities\PackageVersionUtility.cs:31 
  at Unity.VisualScripting.BoltCoreManifest.get_version () [0x00000] in .\Library\PackageCache\com.unity.visualscripting@1.9.4\Editor\VisualScripting.Core\Plugin\BoltCoreManifest.cs:11 
  at Unity.VisualScripting.PluginManifest.get_currentVersion () [0x00000] in .\Library\PackageCache\com.unity.visualscripting@1.9.4\Editor\VisualScripting.Core\Plugins\PluginManifest.cs:33 
  at Unity.VisualScripting.PluginManifest.get_versionMismatch () [0x00000] in .\Library\PackageCache\com.unity.visualscripting@1.9.4\Editor\VisualScripting.Core\Plugins\PluginManifest.cs:48 
  at Unity.VisualScripting.PluginContainer.Initialize () [0x00525] in .\Library\PackageCache\com.unity.visualscripting@1.9.4\Editor\VisualScripting.Core\Plugins\PluginContainer.cs:208 
  at Unity.VisualScripting.PluginContainer.InitializeOnLoad () [0x00009] in .\Library\PackageCache\com.unity.visualscripting@1.9.4\Editor\VisualScripting.Core\Plugins\PluginContainer.cs:32 
  at Unity.VisualScripting.VSUsageUtility.DoInitializeOnLoadCalls () [0x00034] in .\Library\PackageCache\com.unity.visualscripting@1.9.4\Editor\VisualScripting.Core\Utilities\VSUsageUtility.cs:76 
  at Unity.VisualScripting.VSUsageUtility.set_isVisualScriptingUsed (System.Boolean value) [0x0002c] in .\Library\PackageCache\com.unity.visualscripting@1.9.4\Editor\VisualScripting.Core\Utilities\VSUsageUtility.cs:114 
  at Unity.VisualScripting.VSUsageUtility.CheckAndSetIsVisualScriptingUsed () [0x0000d] in .\Library\PackageCache\com.unity.visualscripting@1.9.4\Editor\VisualScripting.Core\Utilities\VSUsageUtility.cs:33 
  at Unity.VisualScripting.VSUsageUtility..cctor () [0x00000] in .\Library\PackageCache\com.unity.visualscripting@1.9.4\Editor\VisualScripting.Core\Utilities\VSUsageUtility.cs:22 
UnityEngine.StackTraceUtility:ExtractStackTrace ()
UnityEngine.DebugLogHandler:LogFormat (UnityEngine.LogType,UnityEngine.Object,string,object[])
UnityEngine.Logger:Log (UnityEngine.LogType,object)
UnityEngine.Debug:LogError (object)
UnityEditor.EditorAssemblies:ProcessInitializeOnLoadAttributes (System.Type[])

[Package Manager] Server::EnsureServerProcessIsRunning -- launch failed, reason: Unity was launched with the -noUpm command-line argument
[Package Manager] UpmClient::Send -- Unable to send message (not connected to UPM process).
[Package Manager] Cannot connect to Unity Package Manager local server
Mono: successfully reloaded assembly
- Finished resetting the current domain, in  0.956 seconds
Domain Reload Profiling: 1272ms
	BeginReloadAssembly (135ms)
		ExecutionOrderSort (0ms)
		DisableScriptedObjects (6ms)
		BackupInstance (0ms)
		ReleaseScriptingObjects (0ms)
		CreateAndSetChildDomain (48ms)
	RebuildCommonClasses (19ms)
	RebuildNativeTypeToScriptingClass (7ms)
	initialDomainReloadingComplete (17ms)
	LoadAllAssembliesAndSetupDomain (138ms)
		LoadAssemblies (176ms)
		RebuildTransferFunctionScriptingTraits (0ms)
		AnalyzeDomain (13ms)
			TypeCache.Refresh (5ms)
				TypeCache.ScanAssembly (0ms)
			ScanForSourceGeneratedMonoScriptInfo (0ms)
			ResolveRequiredComponents (7ms)
	FinalizeReload (957ms)
		ReleaseScriptCaches (0ms)
		RebuildScriptCaches (0ms)
		SetupLoadedEditorAssemblies (403ms)
			LogAssemblyErrors (0ms)
			InitializePlatformSupportModulesInManaged (14ms)
			SetLoadedEditorAssemblies (2ms)
			RefreshPlugins (0ms)
			BeforeProcessingInitializeOnLoad (46ms)
			ProcessInitializeOnLoadAttributes (296ms)
			ProcessInitializeOnLoadMethodAttributes (43ms)
			AfterProcessingInitializeOnLoad (3ms)
			EditorAssembliesLoaded (0ms)
		ExecutionOrderSort2 (0ms)
		AwakeInstancesAfterBackupRestoration (13ms)
Refreshing native plugins compatible for Editor in 3.21 ms, found 3 plugins.
Preloading 0 native plugins for Editor in 0.00 ms.
Unloading 5508 Unused Serialized files (Serialized files now loaded: 0)
Unloading 43 unused Assets / (1.1 MB). Loaded Objects now: 6156.
Memory consumption went from 202.2 MB to 201.2 MB.
Total: 12.997200 ms (FindLiveObjects: 0.396600 ms CreateObjectMapping: 0.261200 ms MarkObjects: 12.129000 ms  DeleteObjects: 0.209500 ms)

Prepare: number of updated asset objects reloaded= 0
AssetImportParameters requested are different than current active one (requested -> active):
  custom:container-demuxer-ogg: 62fdf1f143b41e24485cea50d1cbac27 -> 
  custom:video-codec-MediaFoundation-h265: 746d11721c4dcdbdad8f713fa42b33f4 -> 
  custom:video-decoder-ogg-theora: a1e56fd34408186e4bbccfd4996cb3dc -> 
  custom:framework-win-MediaFoundation: 216162199b28c13a410421893ffa2e32 -> 
  custom:CustomObjectIndexerAttribute: 72b91833f83ae208fae7752999fa3104 -> 
  custom:container-demuxer-webm: 4f35f7cbe854078d1ac9338744f61a02 -> 
  custom:container-muxer-webm: aa71ff27fc2769a1b78a27578f13a17b -> 
  custom:video-decoder-webm-vp8: 9c59270c3fd7afecdb556c50c9e8de78 -> 
  custom:SearchIndexIgnoredProperties: e643bd26f0fe6173181afceb89e7c659 -> 
  custom:AudioImporter_EditorPlatform: d09bf68614088b80899f8185d706f6e7 -> 
  custom:video-encoder-webm-vp8: eb34c28f22e8b96e1ab97ce403110664 -> 
  custom:audio-decoder-ogg-vorbis: bf7c407c2cedff20999df2af8eb42d56 -> 
  custom:audio-encoder-webm-vorbis: bf7c407c2cedff20999df2af8eb42d56 -> 
========================================================================
Received Import Request.
  Time since last request: 151.833321 seconds.
  path: Assets/VisualScriptingTutorial/CompleteGame/Prefabs/Objects/BaseModel/Block.prefab
  artifactKey: Guid(0a4baa219665d004a9ef9a8fbf31b046) Importer(815301076,1909f56bfc062723c751e8b465ee728b)
Start importing Assets/VisualScriptingTutorial/CompleteGame/Prefabs/Objects/BaseModel/Block.prefab using Guid(0a4baa219665d004a9ef9a8fbf31b046) Importer(815301076,1909f56bfc062723c751e8b465ee728b)  -> (artifact id: 'b298fccda6e74ff95272a50031f7e472') in 0.252676 seconds
Number of updated asset objects reloaded before import = 0
Number of asset objects unloaded after import = 32
========================================================================
Received Import Request.
  Time since last request: 0.000021 seconds.
  path: Assets/VisualScriptingTutorial/CompleteGame/Prefabs/Objects/Cell/Cucumber.prefab
  artifactKey: Guid(d6b9aca67b321bc499038b62f09041e7) Importer(815301076,1909f56bfc062723c751e8b465ee728b)
Start importing Assets/VisualScriptingTutorial/CompleteGame/Prefabs/Objects/Cell/Cucumber.prefab using Guid(d6b9aca67b321bc499038b62f09041e7) Importer(815301076,1909f56bfc062723c751e8b465ee728b)  -> (artifact id: '5357b81961764d235bdfd0613fe5f019') in 0.957039 seconds
Number of updated asset objects reloaded before import = 0
Number of asset objects unloaded after import = 45
========================================================================
Received Import Request.
  Time since last request: 0.000026 seconds.
  path: Assets/VisualScriptingTutorial/CompleteGame/Prefabs/Theme/Floor 1.prefab
  artifactKey: Guid(1f9592db56cb8bf4abbbbc6c1ef0a038) Importer(815301076,1909f56bfc062723c751e8b465ee728b)
Start importing Assets/VisualScriptingTutorial/CompleteGame/Prefabs/Theme/Floor 1.prefab using Guid(1f9592db56cb8bf4abbbbc6c1ef0a038) Importer(815301076,1909f56bfc062723c751e8b465ee728b)  -> (artifact id: '177d466d4f918a10b3ea30aa747fd02a') in 0.014117 seconds
Number of updated asset objects reloaded before import = 0
Number of asset objects unloaded after import = 20
========================================================================
Received Import Request.
  Time since last request: 0.000019 seconds.
  path: Assets/VisualScriptingTutorial/CompleteGame/Prefabs/Objects/Cell/Button.prefab
  artifactKey: Guid(427f9202fac7b6e4bab83433166f8cac) Importer(815301076,1909f56bfc062723c751e8b465ee728b)
Start importing Assets/VisualScriptingTutorial/CompleteGame/Prefabs/Objects/Cell/Button.prefab using Guid(427f9202fac7b6e4bab83433166f8cac) Importer(815301076,1909f56bfc062723c751e8b465ee728b)  -> (artifact id: 'd8cddfdb9f3b5ac7eb2f9d60f8eb3948') in 0.079248 seconds
Number of updated asset objects reloaded before import = 0
Number of asset objects unloaded after import = 64
========================================================================
Received Import Request.
  Time since last request: 0.000017 seconds.
  path: Assets/VisualScriptingTutorial/CompleteGame/Models/Environment/Floor4.FBX
  artifactKey: Guid(df83003d342340c40a8697af1cfae810) Importer(815301076,1909f56bfc062723c751e8b465ee728b)
Start importing Assets/VisualScriptingTutorial/CompleteGame/Models/Environment/Floor4.FBX using Guid(df83003d342340c40a8697af1cfae810) Importer(815301076,1909f56bfc062723c751e8b465ee728b)  -> (artifact id: 'e3239003f3e59889cf99e26fe804a7f0') in 0.036799 seconds
Number of updated asset objects reloaded before import = 0
Number of asset objects unloaded after import = 8
========================================================================
Received Import Request.
  Time since last request: 0.010287 seconds.
  path: Assets/VisualScriptingTutorial/CompleteGame/Models/Environment/FloorButton.FBX
  artifactKey: Guid(3b4171348f5dd99489da80750a5db2d5) Importer(815301076,1909f56bfc062723c751e8b465ee728b)
Start importing Assets/VisualScriptingTutorial/CompleteGame/Models/Environment/FloorButton.FBX using Guid(3b4171348f5dd99489da80750a5db2d5) Importer(815301076,1909f56bfc062723c751e8b465ee728b)  -> (artifact id: '2650f9f3d806a2ff405c388fd90617cf') in 0.023343 seconds
Number of updated asset objects reloaded before import = 0
Number of asset objects unloaded after import = 15
========================================================================
Received Import Request.
  Time since last request: 0.000019 seconds.
  path: Assets/VisualScriptingTutorial/CompleteGame/Animations/Cat/Cat@Hit.fbx
  artifactKey: Guid(f9d8c1c9d06ff8b4383bdde0b1ff4739) Importer(815301076,1909f56bfc062723c751e8b465ee728b)
Start importing Assets/VisualScriptingTutorial/CompleteGame/Animations/Cat/Cat@Hit.fbx using Guid(f9d8c1c9d06ff8b4383bdde0b1ff4739) Importer(815301076,1909f56bfc062723c751e8b465ee728b)  -> (artifact id: 'b1233f4697ff3dcbcce738054e1f2b77') in 0.036631 seconds
Number of updated asset objects reloaded before import = 0
Number of asset objects unloaded after import = 103
========================================================================
Received Import Request.
  Time since last request: 0.000022 seconds.
  path: Assets/VisualScriptingTutorial/CompleteGame/Animations/Cat/Cat@PushingCrates.fbx
  artifactKey: Guid(a81747b0d8257a441bf44c9f838a6a58) Importer(815301076,1909f56bfc062723c751e8b465ee728b)
Start importing Assets/VisualScriptingTutorial/CompleteGame/Animations/Cat/Cat@PushingCrates.fbx using Guid(a81747b0d8257a441bf44c9f838a6a58) Importer(815301076,1909f56bfc062723c751e8b465ee728b)  -> (artifact id: 'f6ec3b5fc6c68805f122ec89a5722301') in 0.024265 seconds
Number of updated asset objects reloaded before import = 0
Number of asset objects unloaded after import = 103
========================================================================
Received Import Request.
  Time since last request: 0.000024 seconds.
  path: Assets/VisualScriptingTutorial/CompleteGame/Animations/Cat/Cat@Falling.fbx
  artifactKey: Guid(a6ce6630759be2040b2d6f4187fa1cea) Importer(815301076,1909f56bfc062723c751e8b465ee728b)
Start importing Assets/VisualScriptingTutorial/CompleteGame/Animations/Cat/Cat@Falling.fbx using Guid(a6ce6630759be2040b2d6f4187fa1cea) Importer(815301076,1909f56bfc062723c751e8b465ee728b)  -> (artifact id: 'b67c53a56e34c2aa9b1171c18820de47') in 0.022916 seconds
Number of updated asset objects reloaded before import = 0
Number of asset objects unloaded after import = 103
========================================================================
Received Import Request.
  Time since last request: 0.000022 seconds.
  path: Assets/VisualScriptingTutorial/CompleteGame/Animations/Cat/Cat@Idle.fbx
  artifactKey: Guid(429545b6599ad684586765645fd5a09d) Importer(815301076,1909f56bfc062723c751e8b465ee728b)
Start importing Assets/VisualScriptingTutorial/CompleteGame/Animations/Cat/Cat@Idle.fbx using Guid(429545b6599ad684586765645fd5a09d) Importer(815301076,1909f56bfc062723c751e8b465ee728b)  -> (artifact id: 'ccfec54f732b3c65d24c75057e697669') in 0.023981 seconds
Number of updated asset objects reloaded before import = 0
Number of asset objects unloaded after import = 103
========================================================================
Received Import Request.
  Time since last request: 0.000018 seconds.
  path: Assets/VisualScriptingTutorial/CompleteGame/Prefabs/Objects/BaseModel/Cucumber.prefab
  artifactKey: Guid(13943662e30d9b84a81081eb31e6ed29) Importer(815301076,1909f56bfc062723c751e8b465ee728b)
Start importing Assets/VisualScriptingTutorial/CompleteGame/Prefabs/Objects/BaseModel/Cucumber.prefab using Guid(13943662e30d9b84a81081eb31e6ed29) Importer(815301076,1909f56bfc062723c751e8b465ee728b)  -> (artifact id: '30d16f6ca699a7a0a1d836aba8a5d684') in 0.002174 seconds
Number of updated asset objects reloaded before import = 0
Number of asset objects unloaded after import = 6
========================================================================
Received Import Request.
  Time since last request: 1.014317 seconds.
  path: Assets/VisualScriptingTutorial/CompleteGame/Models/Character/Fox_Model.FBX
  artifactKey: Guid(fb4a92518eb4f1b44b3e6d915b1a36ac) Importer(815301076,1909f56bfc062723c751e8b465ee728b)
Start importing Assets/VisualScriptingTutorial/CompleteGame/Models/Character/Fox_Model.FBX using Guid(fb4a92518eb4f1b44b3e6d915b1a36ac) Importer(815301076,1909f56bfc062723c751e8b465ee728b)  -> (artifact id: '62ca5cbc892d4bc990a95694e2a33298') in 0.029534 seconds
Number of updated asset objects reloaded before import = 0
Number of asset objects unloaded after import = 107
========================================================================
Received Import Request.
  Time since last request: 0.000019 seconds.
  path: Assets/VisualScriptingTutorial/CompleteGame/Prefabs/Objects/BaseModel/Mushroom Blue.prefab
  artifactKey: Guid(adf1099ccb5032e41b890189a88aa097) Importer(815301076,1909f56bfc062723c751e8b465ee728b)
Start importing Assets/VisualScriptingTutorial/CompleteGame/Prefabs/Objects/BaseModel/Mushroom Blue.prefab using Guid(adf1099ccb5032e41b890189a88aa097) Importer(815301076,1909f56bfc062723c751e8b465ee728b)  -> (artifact id: '242bb1b7e48662c39a0ca593cf00ed0d') in 0.016742 seconds
Number of updated asset objects reloaded before import = 0
Number of asset objects unloaded after import = 13
========================================================================
Received Import Request.
  Time since last request: 0.000017 seconds.
  path: Assets/VisualScriptingTutorial/CompleteGame/Models/Environment/Mushroom Blue.FBX
  artifactKey: Guid(9652eff1d2fa9b240ad30d6249afbe49) Importer(815301076,1909f56bfc062723c751e8b465ee728b)
Start importing Assets/VisualScriptingTutorial/CompleteGame/Models/Environment/Mushroom Blue.FBX using Guid(9652eff1d2fa9b240ad30d6249afbe49) Importer(815301076,1909f56bfc062723c751e8b465ee728b)  -> (artifact id: 'dc6a9e348a918886c8eebf14b3be12ae') in 0.014875 seconds
Number of updated asset objects reloaded before import = 0
Number of asset objects unloaded after import = 8
========================================================================
Received Import Request.
  Time since last request: 0.000019 seconds.
  path: Assets/VisualScriptingTutorial/CompleteGame/Models/Environment/Mushroom Purple.FBX
  artifactKey: Guid(2bee8085994016146a58154f9d105cbc) Importer(815301076,1909f56bfc062723c751e8b465ee728b)
Start importing Assets/VisualScriptingTutorial/CompleteGame/Models/Environment/Mushroom Purple.FBX using Guid(2bee8085994016146a58154f9d105cbc) Importer(815301076,1909f56bfc062723c751e8b465ee728b)  -> (artifact id: '02f954fb121c0ef9989dc028e3b98df1') in 0.016097 seconds
Number of updated asset objects reloaded before import = 0
Number of asset objects unloaded after import = 8
========================================================================
Received Import Request.
  Time since last request: 0.000017 seconds.
  path: Assets/VisualScriptingTutorial/CompleteGame/Prefabs/Objects/BaseModel/LaserGremlin.prefab
  artifactKey: Guid(4d491fdd1a2ea214393698ed5d5a4822) Importer(815301076,1909f56bfc062723c751e8b465ee728b)
Start importing Assets/VisualScriptingTutorial/CompleteGame/Prefabs/Objects/BaseModel/LaserGremlin.prefab using Guid(4d491fdd1a2ea214393698ed5d5a4822) Importer(815301076,1909f56bfc062723c751e8b465ee728b)  -> (artifact id: '7a3b452b2326b309a167efe38b0e45b1') in 0.485095 seconds
Number of updated asset objects reloaded before import = 0
Number of asset objects unloaded after import = 22
